<?xml version="1.0" encoding="UTF-8"?>
<testsuite name="com.kokachou.calculator.CalculatorTest" tests="1" skipped="0" failures="0" errors="0" timestamp="2019-02-07T09:01:54" hostname="hadoop1.admintome.lab" time="0.0">
  <properties/>
  <testcase name="testSum" classname="com.kokachou.calculator.CalculatorTest" time="0.0"/>
  <system-out><![CDATA[]]></system-out>
  <system-err><![CDATA[]]></system-err>
</testsuite>
