<?xml version="1.0" encoding="UTF-8"?>
<testsuite name="com.kokachou.calculator.CalculatorApplicationTests" tests="1" skipped="0" failures="0" errors="0" timestamp="2019-02-04T07:32:25" hostname="hadoop1.admintome.lab" time="0.26">
  <properties/>
  <testcase name="contextLoads" classname="com.kokachou.calculator.CalculatorApplicationTests" time="0.26"/>
  <system-out><![CDATA[15:32:19.530 [Test worker] DEBUG org.springframework.test.context.junit4.SpringJUnit4ClassRunner - SpringJUnit4ClassRunner constructor called with [class com.kokachou.calculator.CalculatorApplicationTests]
15:32:19.549 [Test worker] DEBUG org.springframework.test.context.BootstrapUtils - Instantiating CacheAwareContextLoaderDelegate from class [org.springframework.test.context.cache.DefaultCacheAwareContextLoaderDelegate]
15:32:19.573 [Test worker] DEBUG org.springframework.test.context.BootstrapUtils - Instantiating BootstrapContext using constructor [public org.springframework.test.context.support.DefaultBootstrapContext(java.lang.Class,org.springframework.test.context.CacheAwareContextLoaderDelegate)]
15:32:19.642 [Test worker] DEBUG org.springframework.test.context.BootstrapUtils - Instantiating TestContextBootstrapper for test class [com.kokachou.calculator.CalculatorApplicationTests] from class [org.springframework.boot.test.context.SpringBootTestContextBootstrapper]
15:32:19.671 [Test worker] INFO org.springframework.boot.test.context.SpringBootTestContextBootstrapper - Neither @ContextConfiguration nor @ContextHierarchy found for test class [com.kokachou.calculator.CalculatorApplicationTests], using SpringBootContextLoader
15:32:19.681 [Test worker] DEBUG org.springframework.test.context.support.AbstractContextLoader - Did not detect default resource location for test class [com.kokachou.calculator.CalculatorApplicationTests]: class path resource [com/kokachou/calculator/CalculatorApplicationTests-context.xml] does not exist
15:32:19.682 [Test worker] DEBUG org.springframework.test.context.support.AbstractContextLoader - Did not detect default resource location for test class [com.kokachou.calculator.CalculatorApplicationTests]: class path resource [com/kokachou/calculator/CalculatorApplicationTestsContext.groovy] does not exist
15:32:19.683 [Test worker] INFO org.springframework.test.context.support.AbstractContextLoader - Could not detect default resource locations for test class [com.kokachou.calculator.CalculatorApplicationTests]: no resource found for suffixes {-context.xml, Context.groovy}.
15:32:19.685 [Test worker] INFO org.springframework.test.context.support.AnnotationConfigContextLoaderUtils - Could not detect default configuration classes for test class [com.kokachou.calculator.CalculatorApplicationTests]: CalculatorApplicationTests does not declare any static, non-private, non-final, nested classes annotated with @Configuration.
15:32:19.806 [Test worker] DEBUG org.springframework.test.context.support.ActiveProfilesUtils - Could not find an 'annotation declaring class' for annotation type [org.springframework.test.context.ActiveProfiles] and class [com.kokachou.calculator.CalculatorApplicationTests]
15:32:20.030 [Test worker] DEBUG org.springframework.context.annotation.ClassPathScanningCandidateComponentProvider - Identified candidate component class: file [/home/gujc/calculator/build/classes/java/main/com/kokachou/calculator/CalculatorApplication.class]
15:32:20.058 [Test worker] INFO org.springframework.boot.test.context.SpringBootTestContextBootstrapper - Found @SpringBootConfiguration com.kokachou.calculator.CalculatorApplication for test class com.kokachou.calculator.CalculatorApplicationTests
15:32:20.359 [Test worker] DEBUG org.springframework.boot.test.context.SpringBootTestContextBootstrapper - @TestExecutionListeners is not present for class [com.kokachou.calculator.CalculatorApplicationTests]: using defaults.
15:32:20.360 [Test worker] INFO org.springframework.boot.test.context.SpringBootTestContextBootstrapper - Loaded default TestExecutionListener class names from location [META-INF/spring.factories]: [org.springframework.boot.test.autoconfigure.restdocs.RestDocsTestExecutionListener, org.springframework.boot.test.autoconfigure.web.client.MockRestServiceServerResetTestExecutionListener, org.springframework.boot.test.autoconfigure.web.servlet.MockMvcPrintOnlyOnFailureTestExecutionListener, org.springframework.boot.test.autoconfigure.web.servlet.WebDriverTestExecutionListener, org.springframework.boot.test.mock.mockito.MockitoTestExecutionListener, org.springframework.boot.test.mock.mockito.ResetMocksTestExecutionListener, org.springframework.test.context.web.ServletTestExecutionListener, org.springframework.test.context.support.DirtiesContextBeforeModesTestExecutionListener, org.springframework.test.context.support.DependencyInjectionTestExecutionListener, org.springframework.test.context.support.DirtiesContextTestExecutionListener, org.springframework.test.context.transaction.TransactionalTestExecutionListener, org.springframework.test.context.jdbc.SqlScriptsTestExecutionListener]
15:32:20.392 [Test worker] DEBUG org.springframework.boot.test.context.SpringBootTestContextBootstrapper - Skipping candidate TestExecutionListener [org.springframework.test.context.transaction.TransactionalTestExecutionListener] due to a missing dependency. Specify custom listener classes or make the default listener classes and their required dependencies available. Offending class: [org/springframework/transaction/TransactionDefinition]
15:32:20.394 [Test worker] DEBUG org.springframework.boot.test.context.SpringBootTestContextBootstrapper - Skipping candidate TestExecutionListener [org.springframework.test.context.jdbc.SqlScriptsTestExecutionListener] due to a missing dependency. Specify custom listener classes or make the default listener classes and their required dependencies available. Offending class: [org/springframework/transaction/interceptor/TransactionAttribute]
15:32:20.395 [Test worker] INFO org.springframework.boot.test.context.SpringBootTestContextBootstrapper - Using TestExecutionListeners: [org.springframework.test.context.web.ServletTestExecutionListener@6998b8b3, org.springframework.test.context.support.DirtiesContextBeforeModesTestExecutionListener@5ac6b6a7, org.springframework.boot.test.mock.mockito.MockitoTestExecutionListener@3b2b283, org.springframework.boot.test.autoconfigure.SpringBootDependencyInjectionTestExecutionListener@402a5d7e, org.springframework.test.context.support.DirtiesContextTestExecutionListener@6cdb28e8, org.springframework.boot.test.autoconfigure.restdocs.RestDocsTestExecutionListener@3c7c85a, org.springframework.boot.test.autoconfigure.web.client.MockRestServiceServerResetTestExecutionListener@1577540b, org.springframework.boot.test.autoconfigure.web.servlet.MockMvcPrintOnlyOnFailureTestExecutionListener@7a43a76, org.springframework.boot.test.autoconfigure.web.servlet.WebDriverTestExecutionListener@320dce02, org.springframework.boot.test.mock.mockito.ResetMocksTestExecutionListener@f355501]
15:32:20.401 [Test worker] DEBUG org.springframework.test.annotation.ProfileValueUtils - Retrieved @ProfileValueSourceConfiguration [null] for test class [com.kokachou.calculator.CalculatorApplicationTests]
15:32:20.403 [Test worker] DEBUG org.springframework.test.annotation.ProfileValueUtils - Retrieved ProfileValueSource type [class org.springframework.test.annotation.SystemProfileValueSource] for class [com.kokachou.calculator.CalculatorApplicationTests]
15:32:20.405 [Test worker] DEBUG org.springframework.test.annotation.ProfileValueUtils - Retrieved @ProfileValueSourceConfiguration [null] for test class [com.kokachou.calculator.CalculatorApplicationTests]
15:32:20.406 [Test worker] DEBUG org.springframework.test.annotation.ProfileValueUtils - Retrieved ProfileValueSource type [class org.springframework.test.annotation.SystemProfileValueSource] for class [com.kokachou.calculator.CalculatorApplicationTests]
15:32:20.419 [Test worker] DEBUG org.springframework.test.context.support.AbstractDirtiesContextTestExecutionListener - Before test class: context [DefaultTestContext@3b33da7d testClass = CalculatorApplicationTests, testInstance = [null], testMethod = [null], testException = [null], mergedContextConfiguration = [WebMergedContextConfiguration@5ca564b6 testClass = CalculatorApplicationTests, locations = '{}', classes = '{class com.kokachou.calculator.CalculatorApplication}', contextInitializerClasses = '[]', activeProfiles = '{}', propertySourceLocations = '{}', propertySourceProperties = '{org.springframework.boot.test.context.SpringBootTestContextBootstrapper=true}', contextCustomizers = set[org.springframework.boot.test.autoconfigure.properties.PropertyMappingContextCustomizer@0, org.springframework.boot.test.autoconfigure.web.servlet.WebDriverContextCustomizerFactory$Customizer@2e03bed0, org.springframework.boot.test.context.filter.ExcludeFilterContextCustomizer@5db829b8, org.springframework.boot.test.json.DuplicateJsonObjectContextCustomizerFactory$DuplicateJsonObjectContextCustomizer@40b34729, org.springframework.boot.test.mock.mockito.MockitoContextCustomizer@0, org.springframework.boot.test.web.client.TestRestTemplateContextCustomizer@46847b66], resourceBasePath = 'src/main/webapp', contextLoader = 'org.springframework.boot.test.context.SpringBootContextLoader', parent = [null]], attributes = map['org.springframework.test.context.web.ServletTestExecutionListener.activateListener' -> true]], class annotated with @DirtiesContext [false] with mode [null].
15:32:20.421 [Test worker] DEBUG org.springframework.test.annotation.ProfileValueUtils - Retrieved @ProfileValueSourceConfiguration [null] for test class [com.kokachou.calculator.CalculatorApplicationTests]
15:32:20.422 [Test worker] DEBUG org.springframework.test.annotation.ProfileValueUtils - Retrieved ProfileValueSource type [class org.springframework.test.annotation.SystemProfileValueSource] for class [com.kokachou.calculator.CalculatorApplicationTests]
15:32:20.479 [Test worker] DEBUG org.springframework.test.context.support.TestPropertySourceUtils - Adding inlined properties to environment: {spring.jmx.enabled=false, org.springframework.boot.test.context.SpringBootTestContextBootstrapper=true, server.port=-1}

  .   ____          _            __ _ _
 /\\ / ___'_ __ _ _(_)_ __  __ _ \ \ \ \
( ( )\___ | '_ | '_| | '_ \/ _` | \ \ \ \
 \\/  ___)| |_)| | | | | || (_| |  ) ) ) )
  '  |____| .__|_| |_|_| |_\__, | / / / /
 =========|_|==============|___/=/_/_/_/
 :: Spring Boot ::        (v2.1.2.RELEASE)

2019-02-04 15:32:21.304  INFO 5819 --- [    Test worker] c.k.c.CalculatorApplicationTests         : Starting CalculatorApplicationTests on hadoop1.admintome.lab with PID 5819 (started by gujc in /home/gujc/calculator)
2019-02-04 15:32:21.307  INFO 5819 --- [    Test worker] c.k.c.CalculatorApplicationTests         : No active profile set, falling back to default profiles: default
2019-02-04 15:32:25.191  INFO 5819 --- [    Test worker] o.s.s.concurrent.ThreadPoolTaskExecutor  : Initializing ExecutorService 'applicationTaskExecutor'
2019-02-04 15:32:25.822  INFO 5819 --- [    Test worker] c.k.c.CalculatorApplicationTests         : Started CalculatorApplicationTests in 5.316 seconds (JVM running for 7.722)
]]></system-out>
  <system-err><![CDATA[]]></system-err>
</testsuite>
