<?xml version="1.0" encoding="UTF-8"?>
<testsuite name="com.kokachou.calculator.CalculatorApplicationTests" tests="1" skipped="0" failures="0" errors="0" timestamp="2019-02-07T09:01:54" hostname="hadoop1.admintome.lab" time="0.234">
  <properties/>
  <testcase name="contextLoads" classname="com.kokachou.calculator.CalculatorApplicationTests" time="0.234"/>
  <system-out><![CDATA[17:01:50.638 [Test worker] DEBUG org.springframework.test.context.junit4.SpringJUnit4ClassRunner - SpringJUnit4ClassRunner constructor called with [class com.kokachou.calculator.CalculatorApplicationTests]
17:01:50.654 [Test worker] DEBUG org.springframework.test.context.BootstrapUtils - Instantiating CacheAwareContextLoaderDelegate from class [org.springframework.test.context.cache.DefaultCacheAwareContextLoaderDelegate]
17:01:50.675 [Test worker] DEBUG org.springframework.test.context.BootstrapUtils - Instantiating BootstrapContext using constructor [public org.springframework.test.context.support.DefaultBootstrapContext(java.lang.Class,org.springframework.test.context.CacheAwareContextLoaderDelegate)]
17:01:50.724 [Test worker] DEBUG org.springframework.test.context.BootstrapUtils - Instantiating TestContextBootstrapper for test class [com.kokachou.calculator.CalculatorApplicationTests] from class [org.springframework.boot.test.context.SpringBootTestContextBootstrapper]
17:01:50.750 [Test worker] INFO org.springframework.boot.test.context.SpringBootTestContextBootstrapper - Neither @ContextConfiguration nor @ContextHierarchy found for test class [com.kokachou.calculator.CalculatorApplicationTests], using SpringBootContextLoader
17:01:50.758 [Test worker] DEBUG org.springframework.test.context.support.AbstractContextLoader - Did not detect default resource location for test class [com.kokachou.calculator.CalculatorApplicationTests]: class path resource [com/kokachou/calculator/CalculatorApplicationTests-context.xml] does not exist
17:01:50.758 [Test worker] DEBUG org.springframework.test.context.support.AbstractContextLoader - Did not detect default resource location for test class [com.kokachou.calculator.CalculatorApplicationTests]: class path resource [com/kokachou/calculator/CalculatorApplicationTestsContext.groovy] does not exist
17:01:50.759 [Test worker] INFO org.springframework.test.context.support.AbstractContextLoader - Could not detect default resource locations for test class [com.kokachou.calculator.CalculatorApplicationTests]: no resource found for suffixes {-context.xml, Context.groovy}.
17:01:50.760 [Test worker] INFO org.springframework.test.context.support.AnnotationConfigContextLoaderUtils - Could not detect default configuration classes for test class [com.kokachou.calculator.CalculatorApplicationTests]: CalculatorApplicationTests does not declare any static, non-private, non-final, nested classes annotated with @Configuration.
17:01:50.838 [Test worker] DEBUG org.springframework.test.context.support.ActiveProfilesUtils - Could not find an 'annotation declaring class' for annotation type [org.springframework.test.context.ActiveProfiles] and class [com.kokachou.calculator.CalculatorApplicationTests]
17:01:51.004 [Test worker] DEBUG org.springframework.context.annotation.ClassPathScanningCandidateComponentProvider - Identified candidate component class: file [/home/gujc/calculator/build/classes/java/main/com/kokachou/calculator/CalculatorApplication.class]
17:01:51.015 [Test worker] INFO org.springframework.boot.test.context.SpringBootTestContextBootstrapper - Found @SpringBootConfiguration com.kokachou.calculator.CalculatorApplication for test class com.kokachou.calculator.CalculatorApplicationTests
17:01:51.234 [Test worker] DEBUG org.springframework.boot.test.context.SpringBootTestContextBootstrapper - @TestExecutionListeners is not present for class [com.kokachou.calculator.CalculatorApplicationTests]: using defaults.
17:01:51.235 [Test worker] INFO org.springframework.boot.test.context.SpringBootTestContextBootstrapper - Loaded default TestExecutionListener class names from location [META-INF/spring.factories]: [org.springframework.boot.test.autoconfigure.restdocs.RestDocsTestExecutionListener, org.springframework.boot.test.autoconfigure.web.client.MockRestServiceServerResetTestExecutionListener, org.springframework.boot.test.autoconfigure.web.servlet.MockMvcPrintOnlyOnFailureTestExecutionListener, org.springframework.boot.test.autoconfigure.web.servlet.WebDriverTestExecutionListener, org.springframework.boot.test.mock.mockito.MockitoTestExecutionListener, org.springframework.boot.test.mock.mockito.ResetMocksTestExecutionListener, org.springframework.test.context.web.ServletTestExecutionListener, org.springframework.test.context.support.DirtiesContextBeforeModesTestExecutionListener, org.springframework.test.context.support.DependencyInjectionTestExecutionListener, org.springframework.test.context.support.DirtiesContextTestExecutionListener, org.springframework.test.context.transaction.TransactionalTestExecutionListener, org.springframework.test.context.jdbc.SqlScriptsTestExecutionListener]
17:01:51.264 [Test worker] DEBUG org.springframework.boot.test.context.SpringBootTestContextBootstrapper - Skipping candidate TestExecutionListener [org.springframework.test.context.transaction.TransactionalTestExecutionListener] due to a missing dependency. Specify custom listener classes or make the default listener classes and their required dependencies available. Offending class: [org/springframework/transaction/TransactionDefinition]
17:01:51.266 [Test worker] DEBUG org.springframework.boot.test.context.SpringBootTestContextBootstrapper - Skipping candidate TestExecutionListener [org.springframework.test.context.jdbc.SqlScriptsTestExecutionListener] due to a missing dependency. Specify custom listener classes or make the default listener classes and their required dependencies available. Offending class: [org/springframework/transaction/interceptor/TransactionAttribute]
17:01:51.266 [Test worker] INFO org.springframework.boot.test.context.SpringBootTestContextBootstrapper - Using TestExecutionListeners: [org.springframework.test.context.web.ServletTestExecutionListener@d2198dd, org.springframework.test.context.support.DirtiesContextBeforeModesTestExecutionListener@6e0c7e3d, org.springframework.boot.test.mock.mockito.MockitoTestExecutionListener@6237c476, org.springframework.boot.test.autoconfigure.SpringBootDependencyInjectionTestExecutionListener@548021bd, org.springframework.test.context.support.DirtiesContextTestExecutionListener@55e6ac80, org.springframework.boot.test.autoconfigure.restdocs.RestDocsTestExecutionListener@5816cd97, org.springframework.boot.test.autoconfigure.web.client.MockRestServiceServerResetTestExecutionListener@4dea697, org.springframework.boot.test.autoconfigure.web.servlet.MockMvcPrintOnlyOnFailureTestExecutionListener@5186f278, org.springframework.boot.test.autoconfigure.web.servlet.WebDriverTestExecutionListener@3164d664, org.springframework.boot.test.mock.mockito.ResetMocksTestExecutionListener@5ff0dfaa]
17:01:51.272 [Test worker] DEBUG org.springframework.test.annotation.ProfileValueUtils - Retrieved @ProfileValueSourceConfiguration [null] for test class [com.kokachou.calculator.CalculatorApplicationTests]
17:01:51.273 [Test worker] DEBUG org.springframework.test.annotation.ProfileValueUtils - Retrieved ProfileValueSource type [class org.springframework.test.annotation.SystemProfileValueSource] for class [com.kokachou.calculator.CalculatorApplicationTests]
17:01:51.275 [Test worker] DEBUG org.springframework.test.annotation.ProfileValueUtils - Retrieved @ProfileValueSourceConfiguration [null] for test class [com.kokachou.calculator.CalculatorApplicationTests]
17:01:51.275 [Test worker] DEBUG org.springframework.test.annotation.ProfileValueUtils - Retrieved ProfileValueSource type [class org.springframework.test.annotation.SystemProfileValueSource] for class [com.kokachou.calculator.CalculatorApplicationTests]
17:01:51.286 [Test worker] DEBUG org.springframework.test.context.support.AbstractDirtiesContextTestExecutionListener - Before test class: context [DefaultTestContext@47f498bd testClass = CalculatorApplicationTests, testInstance = [null], testMethod = [null], testException = [null], mergedContextConfiguration = [WebMergedContextConfiguration@737ff4b testClass = CalculatorApplicationTests, locations = '{}', classes = '{class com.kokachou.calculator.CalculatorApplication}', contextInitializerClasses = '[]', activeProfiles = '{}', propertySourceLocations = '{}', propertySourceProperties = '{org.springframework.boot.test.context.SpringBootTestContextBootstrapper=true}', contextCustomizers = set[org.springframework.boot.test.autoconfigure.properties.PropertyMappingContextCustomizer@0, org.springframework.boot.test.autoconfigure.web.servlet.WebDriverContextCustomizerFactory$Customizer@1b793a6d, org.springframework.boot.test.context.filter.ExcludeFilterContextCustomizer@1dfda56c, org.springframework.boot.test.json.DuplicateJsonObjectContextCustomizerFactory$DuplicateJsonObjectContextCustomizer@1073dc50, org.springframework.boot.test.mock.mockito.MockitoContextCustomizer@0, org.springframework.boot.test.web.client.TestRestTemplateContextCustomizer@aa4d78e], resourceBasePath = 'src/main/webapp', contextLoader = 'org.springframework.boot.test.context.SpringBootContextLoader', parent = [null]], attributes = map['org.springframework.test.context.web.ServletTestExecutionListener.activateListener' -> true]], class annotated with @DirtiesContext [false] with mode [null].
17:01:51.288 [Test worker] DEBUG org.springframework.test.annotation.ProfileValueUtils - Retrieved @ProfileValueSourceConfiguration [null] for test class [com.kokachou.calculator.CalculatorApplicationTests]
17:01:51.288 [Test worker] DEBUG org.springframework.test.annotation.ProfileValueUtils - Retrieved ProfileValueSource type [class org.springframework.test.annotation.SystemProfileValueSource] for class [com.kokachou.calculator.CalculatorApplicationTests]
17:01:51.339 [Test worker] DEBUG org.springframework.test.context.support.TestPropertySourceUtils - Adding inlined properties to environment: {spring.jmx.enabled=false, org.springframework.boot.test.context.SpringBootTestContextBootstrapper=true, server.port=-1}

  .   ____          _            __ _ _
 /\\ / ___'_ __ _ _(_)_ __  __ _ \ \ \ \
( ( )\___ | '_ | '_| | '_ \/ _` | \ \ \ \
 \\/  ___)| |_)| | | | | || (_| |  ) ) ) )
  '  |____| .__|_| |_|_| |_\__, | / / / /
 =========|_|==============|___/=/_/_/_/
 :: Spring Boot ::        (v2.1.2.RELEASE)

2019-02-07 17:01:51.778  INFO 7834 --- [    Test worker] c.k.c.CalculatorApplicationTests         : Starting CalculatorApplicationTests on hadoop1.admintome.lab with PID 7834 (started by gujc in /home/gujc/calculator)
2019-02-07 17:01:51.781  INFO 7834 --- [    Test worker] c.k.c.CalculatorApplicationTests         : No active profile set, falling back to default profiles: default
2019-02-07 17:01:54.218  INFO 7834 --- [    Test worker] o.s.s.concurrent.ThreadPoolTaskExecutor  : Initializing ExecutorService 'applicationTaskExecutor'
2019-02-07 17:01:54.662  INFO 7834 --- [    Test worker] c.k.c.CalculatorApplicationTests         : Started CalculatorApplicationTests in 3.3 seconds (JVM running for 5.005)
]]></system-out>
  <system-err><![CDATA[]]></system-err>
</testsuite>
